[debug] [2023-06-26T18:35:25.257Z] ----------------------------------------------------------------------
[debug] [2023-06-26T18:35:25.260Z] Command:       C:\Program Files\nodejs\node.exe C:\Users\User\AppData\Roaming\npm\node_modules\firebase-tools\lib\bin\firebase.js init
[debug] [2023-06-26T18:35:25.262Z] CLI Version:   12.4.0
[debug] [2023-06-26T18:35:25.263Z] Platform:      win32
[debug] [2023-06-26T18:35:25.263Z] Node Version:  v18.16.0
[debug] [2023-06-26T18:35:25.266Z] Time:          Mon Jun 26 2023 21:35:25 GMT+0300 (за східноєвропейським літнім часом)
[debug] [2023-06-26T18:35:25.266Z] ----------------------------------------------------------------------
[debug] 
[debug] [2023-06-26T18:35:25.280Z] > command requires scopes: ["email","openid","https://www.googleapis.com/auth/cloudplatformprojects.readonly","https://www.googleapis.com/auth/firebase","https://www.googleapis.com/auth/cloud-platform"]
[debug] [2023-06-26T18:35:25.281Z] > authorizing via signed-in user (applehub47@gmail.com)
[info] 
     ######## #### ########  ######## ########     ###     ######  ########
     ##        ##  ##     ## ##       ##     ##  ##   ##  ##       ##
     ######    ##  ########  ######   ########  #########  ######  ######
     ##        ##  ##    ##  ##       ##     ## ##     ##       ## ##
     ##       #### ##     ## ######## ########  ##     ##  ######  ########

You're about to initialize a Firebase project in this directory:

  D:\Git\applehub

[info] 
=== Project Setup
[info] 
[info] First, let's associate this project directory with a Firebase project.
[info] You can create multiple project aliases by running firebase use --add, 
[info] but for now we'll just set up a default project.
[info] 
[debug] [2023-06-26T18:35:42.506Z] >>> [apiv2][query] GET https://firebase.googleapis.com/v1beta1/projects pageSize=100
[debug] [2023-06-26T18:35:43.602Z] <<< [apiv2][status] GET https://firebase.googleapis.com/v1beta1/projects 200
[debug] [2023-06-26T18:35:43.602Z] <<< [apiv2][body] GET https://firebase.googleapis.com/v1beta1/projects [omitted]
[info] i  Using project applehub-e2023 (AppleHub) 
[info] 
=== Database Setup
[info] i  database: ensuring required API firebasedatabase.googleapis.com is enabled... 
[debug] [2023-06-26T18:35:45.234Z] >>> [apiv2][query] GET https://serviceusage.googleapis.com/v1/projects/applehub-e2023/services/firebasedatabase.googleapis.com [none]
[debug] [2023-06-26T18:35:45.234Z] >>> [apiv2][(partial)header] GET https://serviceusage.googleapis.com/v1/projects/applehub-e2023/services/firebasedatabase.googleapis.com x-goog-quota-user=projects/applehub-e2023
[debug] [2023-06-26T18:35:46.254Z] <<< [apiv2][status] GET https://serviceusage.googleapis.com/v1/projects/applehub-e2023/services/firebasedatabase.googleapis.com 200
[debug] [2023-06-26T18:35:46.254Z] <<< [apiv2][body] GET https://serviceusage.googleapis.com/v1/projects/applehub-e2023/services/firebasedatabase.googleapis.com [omitted]
[info] +  database: required API firebasedatabase.googleapis.com is enabled 
[info] 
[debug] [2023-06-26T18:35:46.257Z] >>> [apiv2][query] GET https://firebasedatabase.googleapis.com/v1beta/projects/applehub-e2023/locations/-/instances/applehub-e2023-default-rtdb [none]
[debug] [2023-06-26T18:35:46.599Z] <<< [apiv2][status] GET https://firebasedatabase.googleapis.com/v1beta/projects/applehub-e2023/locations/-/instances/applehub-e2023-default-rtdb 200
[debug] [2023-06-26T18:35:46.599Z] <<< [apiv2][body] GET https://firebasedatabase.googleapis.com/v1beta/projects/applehub-e2023/locations/-/instances/applehub-e2023-default-rtdb {"name":"projects/388339879557/locations/europe-west1/instances/applehub-e2023-default-rtdb","project":"projects/388339879557","databaseUrl":"https://applehub-e2023-default-rtdb.europe-west1.firebasedatabase.app","type":"DEFAULT_DATABASE","state":"ACTIVE"}
[info] 
[info] Firebase Realtime Database Security Rules allow you to define how your data should be
[info] structured and when your data can be read from and written to.
[info] 
[debug] [2023-06-26T18:35:55.344Z] >>> [apiv2][query] GET https://applehub-e2023-default-rtdb.europe-west1.firebasedatabase.app/.settings/rules.json [none]
[debug] [2023-06-26T18:35:55.490Z] <<< [apiv2][status] GET https://applehub-e2023-default-rtdb.europe-west1.firebasedatabase.app/.settings/rules.json 200
[debug] [2023-06-26T18:35:55.491Z] <<< [apiv2][body] GET https://applehub-e2023-default-rtdb.europe-west1.firebasedatabase.app/.settings/rules.json [stream]
[info] +  Database Rules for applehub-e2023-default-rtdb have been written to database.rules.json. 
[info] Future modifications to database.rules.json will update Realtime Database Security Rules when you run
[info] firebase deploy.
[info] 
=== Firestore Setup
[debug] [2023-06-26T18:35:55.496Z] >>> [apiv2][query] GET https://serviceusage.googleapis.com/v1/projects/applehub-e2023/services/firestore.googleapis.com [none]
[debug] [2023-06-26T18:35:55.496Z] >>> [apiv2][(partial)header] GET https://serviceusage.googleapis.com/v1/projects/applehub-e2023/services/firestore.googleapis.com x-goog-quota-user=projects/applehub-e2023
[debug] [2023-06-26T18:35:56.610Z] <<< [apiv2][status] GET https://serviceusage.googleapis.com/v1/projects/applehub-e2023/services/firestore.googleapis.com 200
[debug] [2023-06-26T18:35:56.610Z] <<< [apiv2][body] GET https://serviceusage.googleapis.com/v1/projects/applehub-e2023/services/firestore.googleapis.com [omitted]
[debug] [2023-06-26T18:35:56.611Z] >>> [apiv2][query] GET https://firestore.googleapis.com/v1/projects/applehub-e2023/databases/(default) [none]
[debug] [2023-06-26T18:35:57.082Z] <<< [apiv2][status] GET https://firestore.googleapis.com/v1/projects/applehub-e2023/databases/(default) 200
[debug] [2023-06-26T18:35:57.083Z] <<< [apiv2][body] GET https://firestore.googleapis.com/v1/projects/applehub-e2023/databases/(default) {"name":"projects/applehub-e2023/databases/(default)","uid":"5af9a47d-bdbe-4bd6-a991-62d97328a17c","createTime":"2023-06-26T18:32:46.663527Z","updateTime":"2023-06-26T18:32:46.663527Z","locationId":"eur3","type":"FIRESTORE_NATIVE","concurrencyMode":"PESSIMISTIC","versionRetentionPeriod":"3600s","earliestVersionTime":"2023-06-26T18:32:46.663527Z","appEngineIntegrationMode":"DISABLED","keyPrefix":"e","pointInTimeRecoveryEnablement":"POINT_IN_TIME_RECOVERY_DISABLED","deleteProtectionState":"DELETE_PROTECTION_DISABLED","etag":"ILjKw/jJ4f8CMOfe5p3J4f8C"}
[debug] [2023-06-26T18:35:57.083Z] database_type: FIRESTORE_NATIVE
[debug] [2023-06-26T18:35:57.083Z] > command requires scopes: ["email","openid","https://www.googleapis.com/auth/cloudplatformprojects.readonly","https://www.googleapis.com/auth/firebase","https://www.googleapis.com/auth/cloud-platform"]
[debug] [2023-06-26T18:35:57.084Z] > authorizing via signed-in user (applehub47@gmail.com)
[debug] [2023-06-26T18:35:57.084Z] [iam] checking project applehub-e2023 for permissions ["firebase.projects.get"]
[debug] [2023-06-26T18:35:57.085Z] >>> [apiv2][query] POST https://cloudresourcemanager.googleapis.com/v1/projects/applehub-e2023:testIamPermissions [none]
[debug] [2023-06-26T18:35:57.085Z] >>> [apiv2][(partial)header] POST https://cloudresourcemanager.googleapis.com/v1/projects/applehub-e2023:testIamPermissions x-goog-quota-user=projects/applehub-e2023
[debug] [2023-06-26T18:35:57.086Z] >>> [apiv2][body] POST https://cloudresourcemanager.googleapis.com/v1/projects/applehub-e2023:testIamPermissions {"permissions":["firebase.projects.get"]}
[debug] [2023-06-26T18:35:58.094Z] <<< [apiv2][status] POST https://cloudresourcemanager.googleapis.com/v1/projects/applehub-e2023:testIamPermissions 200
[debug] [2023-06-26T18:35:58.094Z] <<< [apiv2][body] POST https://cloudresourcemanager.googleapis.com/v1/projects/applehub-e2023:testIamPermissions {"permissions":["firebase.projects.get"]}
[info] 
[info] Firestore Security Rules allow you to define how and when to allow
[info] requests. You can keep these rules in your project directory
[info] and publish them with firebase deploy.
[info] 
[debug] [2023-06-26T18:36:02.251Z] >>> [apiv2][query] GET https://firebaserules.googleapis.com/v1/projects/applehub-e2023/releases pageSize=10&pageToken=
[debug] [2023-06-26T18:36:03.190Z] <<< [apiv2][status] GET https://firebaserules.googleapis.com/v1/projects/applehub-e2023/releases 200
[debug] [2023-06-26T18:36:03.191Z] <<< [apiv2][body] GET https://firebaserules.googleapis.com/v1/projects/applehub-e2023/releases {"releases":[{"name":"projects/applehub-e2023/releases/cloud.firestore","rulesetName":"projects/applehub-e2023/rulesets/09a3486e-fdf6-49fb-9fe8-7dbb56388d23","createTime":"2023-06-26T18:32:51.082862Z","updateTime":"2023-06-26T18:32:51.082862Z"},{"name":"projects/applehub-e2023/releases/firebase.storage/applehub-e2023.appspot.com","rulesetName":"projects/applehub-e2023/rulesets/4f460ad2-2b56-411d-a6df-e5fd94667dc4","createTime":"2023-06-26T18:34:36.669258Z","updateTime":"2023-06-26T18:34:36.669258Z"}]}
[debug] [2023-06-26T18:36:03.210Z] Found ruleset: projects/applehub-e2023/rulesets/09a3486e-fdf6-49fb-9fe8-7dbb56388d23
[debug] [2023-06-26T18:36:03.210Z] >>> [apiv2][query] GET https://firebaserules.googleapis.com/v1/projects/applehub-e2023/rulesets/09a3486e-fdf6-49fb-9fe8-7dbb56388d23 [none]
[debug] [2023-06-26T18:36:04.112Z] <<< [apiv2][status] GET https://firebaserules.googleapis.com/v1/projects/applehub-e2023/rulesets/09a3486e-fdf6-49fb-9fe8-7dbb56388d23 200
[debug] [2023-06-26T18:36:04.113Z] <<< [apiv2][body] GET https://firebaserules.googleapis.com/v1/projects/applehub-e2023/rulesets/09a3486e-fdf6-49fb-9fe8-7dbb56388d23 [omitted]
[info] 
[info] Firestore indexes allow you to perform complex queries while
[info] maintaining performance that scales with the size of the result
[info] set. You can keep index definitions in your project directory
[info] and publish them with firebase deploy.
[info] 
[debug] [2023-06-26T18:36:09.977Z] >>> [apiv2][query] GET https://firestore.googleapis.com/v1/projects/applehub-e2023/databases/(default)/collectionGroups/-/indexes [none]
[debug] [2023-06-26T18:36:09.982Z] >>> [apiv2][query] GET https://firestore.googleapis.com/v1/projects/applehub-e2023/databases/(default)/collectionGroups/-/fields?filter=indexConfig.usesAncestorConfig=false OR ttlConfig:* [none]
[debug] [2023-06-26T18:36:10.264Z] <<< [apiv2][status] GET https://firestore.googleapis.com/v1/projects/applehub-e2023/databases/(default)/collectionGroups/-/indexes 200
[debug] [2023-06-26T18:36:10.264Z] <<< [apiv2][body] GET https://firestore.googleapis.com/v1/projects/applehub-e2023/databases/(default)/collectionGroups/-/indexes {}
[debug] [2023-06-26T18:36:11.128Z] <<< [apiv2][status] GET https://firestore.googleapis.com/v1/projects/applehub-e2023/databases/(default)/collectionGroups/-/fields?filter=indexConfig.usesAncestorConfig=false OR ttlConfig:* 200
[debug] [2023-06-26T18:36:11.128Z] <<< [apiv2][body] GET https://firestore.googleapis.com/v1/projects/applehub-e2023/databases/(default)/collectionGroups/-/fields?filter=indexConfig.usesAncestorConfig=false OR ttlConfig:* {"fields":[{"name":"projects/applehub-e2023/databases/(default)/collectionGroups/__default__/fields/*","indexConfig":{"indexes":[{"queryScope":"COLLECTION","fields":[{"fieldPath":"*","order":"ASCENDING"}],"state":"READY"},{"queryScope":"COLLECTION","fields":[{"fieldPath":"*","order":"DESCENDING"}],"state":"READY"},{"queryScope":"COLLECTION","fields":[{"fieldPath":"*","arrayConfig":"CONTAINS"}],"state":"READY"}]}}]}
[info] 
=== Functions Setup
[debug] [2023-06-26T18:36:11.132Z] > command requires scopes: ["email","openid","https://www.googleapis.com/auth/cloudplatformprojects.readonly","https://www.googleapis.com/auth/firebase","https://www.googleapis.com/auth/cloud-platform"]
[debug] [2023-06-26T18:36:11.132Z] > authorizing via signed-in user (applehub47@gmail.com)
[debug] [2023-06-26T18:36:11.132Z] [iam] checking project applehub-e2023 for permissions ["firebase.projects.get"]
[debug] [2023-06-26T18:36:11.133Z] >>> [apiv2][query] POST https://cloudresourcemanager.googleapis.com/v1/projects/applehub-e2023:testIamPermissions [none]
[debug] [2023-06-26T18:36:11.133Z] >>> [apiv2][(partial)header] POST https://cloudresourcemanager.googleapis.com/v1/projects/applehub-e2023:testIamPermissions x-goog-quota-user=projects/applehub-e2023
[debug] [2023-06-26T18:36:11.133Z] >>> [apiv2][body] POST https://cloudresourcemanager.googleapis.com/v1/projects/applehub-e2023:testIamPermissions {"permissions":["firebase.projects.get"]}
[debug] [2023-06-26T18:36:12.034Z] <<< [apiv2][status] POST https://cloudresourcemanager.googleapis.com/v1/projects/applehub-e2023:testIamPermissions 200
[debug] [2023-06-26T18:36:12.034Z] <<< [apiv2][body] POST https://cloudresourcemanager.googleapis.com/v1/projects/applehub-e2023:testIamPermissions {"permissions":["firebase.projects.get"]}
[debug] [2023-06-26T18:36:12.035Z] >>> [apiv2][query] GET https://serviceusage.googleapis.com/v1/projects/applehub-e2023/services/cloudfunctions.googleapis.com [none]
[debug] [2023-06-26T18:36:12.035Z] >>> [apiv2][(partial)header] GET https://serviceusage.googleapis.com/v1/projects/applehub-e2023/services/cloudfunctions.googleapis.com x-goog-quota-user=projects/applehub-e2023
[debug] [2023-06-26T18:36:12.039Z] >>> [apiv2][query] GET https://serviceusage.googleapis.com/v1/projects/applehub-e2023/services/runtimeconfig.googleapis.com [none]
[debug] [2023-06-26T18:36:12.039Z] >>> [apiv2][(partial)header] GET https://serviceusage.googleapis.com/v1/projects/applehub-e2023/services/runtimeconfig.googleapis.com x-goog-quota-user=projects/applehub-e2023
[debug] [2023-06-26T18:36:12.983Z] <<< [apiv2][status] GET https://serviceusage.googleapis.com/v1/projects/applehub-e2023/services/runtimeconfig.googleapis.com 200
[debug] [2023-06-26T18:36:12.984Z] <<< [apiv2][body] GET https://serviceusage.googleapis.com/v1/projects/applehub-e2023/services/runtimeconfig.googleapis.com [omitted]
[debug] [2023-06-26T18:36:13.027Z] <<< [apiv2][status] GET https://serviceusage.googleapis.com/v1/projects/applehub-e2023/services/cloudfunctions.googleapis.com 200
[debug] [2023-06-26T18:36:13.027Z] <<< [apiv2][body] GET https://serviceusage.googleapis.com/v1/projects/applehub-e2023/services/cloudfunctions.googleapis.com [omitted]
[debug] [2023-06-26T18:36:13.029Z] >>> [apiv2][query] POST https://serviceusage.googleapis.com/v1/projects/applehub-e2023/services/cloudfunctions.googleapis.com:enable [none]
[debug] [2023-06-26T18:36:13.029Z] >>> [apiv2][(partial)header] POST https://serviceusage.googleapis.com/v1/projects/applehub-e2023/services/cloudfunctions.googleapis.com:enable x-goog-quota-user=projects/applehub-e2023
[debug] [2023-06-26T18:36:14.460Z] <<< [apiv2][status] POST https://serviceusage.googleapis.com/v1/projects/applehub-e2023/services/cloudfunctions.googleapis.com:enable 200
[debug] [2023-06-26T18:36:14.460Z] <<< [apiv2][body] POST https://serviceusage.googleapis.com/v1/projects/applehub-e2023/services/cloudfunctions.googleapis.com:enable [omitted]
[debug] [2023-06-26T18:36:24.476Z] >>> [apiv2][query] GET https://serviceusage.googleapis.com/v1/projects/applehub-e2023/services/cloudfunctions.googleapis.com [none]
[debug] [2023-06-26T18:36:24.476Z] >>> [apiv2][(partial)header] GET https://serviceusage.googleapis.com/v1/projects/applehub-e2023/services/cloudfunctions.googleapis.com x-goog-quota-user=projects/applehub-e2023
[debug] [2023-06-26T18:36:25.490Z] <<< [apiv2][status] GET https://serviceusage.googleapis.com/v1/projects/applehub-e2023/services/cloudfunctions.googleapis.com 200
[debug] [2023-06-26T18:36:25.491Z] <<< [apiv2][body] GET https://serviceusage.googleapis.com/v1/projects/applehub-e2023/services/cloudfunctions.googleapis.com [omitted]
[info] Let's create a new codebase for your functions.
[info] A directory corresponding to the codebase will be created in your project
[info] with sample code pre-configured.

[info] See https://firebase.google.com/docs/functions/organize-functions for
[info] more information on organizing your functions using codebases.

[info] Functions can be deployed with firebase deploy.

[info] +  Wrote functions/package.json 
[info] +  Wrote functions/.eslintrc.js 
[info] +  Wrote functions/index.js 
[info] +  Wrote functions/.gitignore 
[info] 
=== Hosting Setup
[info] 
[info] Your public directory is the folder (relative to your project directory) that
[info] will contain Hosting assets to be uploaded with firebase deploy. If you
[info] have a build process for your assets, use your build's output directory.
[info] 
[info] +  Wrote public/404.html 
[debug] [2023-06-26T18:37:56.430Z] >>> [apiv2][query] GET https://www.gstatic.com/firebasejs/releases.json [none]
[debug] [2023-06-26T18:37:56.552Z] <<< [apiv2][status] GET https://www.gstatic.com/firebasejs/releases.json 200
[debug] [2023-06-26T18:37:56.552Z] <<< [apiv2][body] GET https://www.gstatic.com/firebasejs/releases.json {"current":{"version":"9.23.0","browserURL":"https://www.gstatic.com/firebasejs/9.23.0/firebase.js","packageURL":"https://www.gstatic.com/firebasejs/9.23.0/firebase.tgz"},"live":{"version":"9.23","browserURL":"https://www.gstatic.com/firebasejs/live/9.23/firebase.js","packageURL":"https://www.gstatic.com/firebasejs/live/9.23/firebase.tgz"},"components":{"analytics":"https://www.gstatic.com/firebasejs/9.23.0/firebase-analytics.js","app":"https://www.gstatic.com/firebasejs/9.23.0/firebase-app.js","app-check":"https://www.gstatic.com/firebasejs/9.23.0/firebase-app-check.js","auth":"https://www.gstatic.com/firebasejs/9.23.0/firebase-auth.js","auth/cordova":"https://www.gstatic.com/firebasejs/9.23.0/firebase-auth/cordova.js","auth/react-native":"https://www.gstatic.com/firebasejs/9.23.0/firebase-auth/react-native.js","functions":"https://www.gstatic.com/firebasejs/9.23.0/firebase-functions.js","firestore":"https://www.gstatic.com/firebasejs/9.23.0/firebase-firestore.js","firestore/lite":"https://www.gstatic.com/firebasejs/9.23.0/firebase-firestore/lite.js","installations":"https://www.gstatic.com/firebasejs/9.23.0/firebase-installations.js","storage":"https://www.gstatic.com/firebasejs/9.23.0/firebase-storage.js","performance":"https://www.gstatic.com/firebasejs/9.23.0/firebase-performance.js","remote-config":"https://www.gstatic.com/firebasejs/9.23.0/firebase-remote-config.js","messaging":"https://www.gstatic.com/firebasejs/9.23.0/firebase-messaging.js","messaging/sw":"https://www.gstatic.com/firebasejs/9.23.0/firebase-messaging/sw.js","database":"https://www.gstatic.com/firebasejs/9.23.0/firebase-database.js","firestore.memory":"https://www.gstatic.com/firebasejs/9.23.0/firebase-firestore.memory.js"}}
[info] +  Wrote public/index.html 
[info] 
[info] i  Detected a .git folder at D:\Git\applehub 
[info] i  Authorizing with GitHub to upload your service account to a GitHub repository's secrets store. 
[info] 
[info] Visit this URL on this device to log in:
[info] https://github.com/login/oauth/authorize?client_id=89cf50f02ac6aaed3484&state=245286614&redirect_uri=http%3A%2F%2Flocalhost%3A9005&scope=read%3Auser%20repo%20public_repo
[info] 
[info] Waiting for authentication...
[debug] [2023-06-26T18:38:27.455Z] >>> [apiv2][query] POST https://github.com/login/oauth/access_token [none]
[debug] [2023-06-26T18:38:27.455Z] >>> [apiv2][body] POST https://github.com/login/oauth/access_token [stream]
[debug] [2023-06-26T18:38:27.759Z] <<< [apiv2][status] POST https://github.com/login/oauth/access_token 200
[debug] [2023-06-26T18:38:27.759Z] <<< [apiv2][body] POST https://github.com/login/oauth/access_token {"access_token":"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","token_type":"bearer","scope":"read:user,repo"}
[debug] [2023-06-26T18:38:27.770Z] >>> [apiv2][query] GET https://api.github.com/user [none]
[debug] [2023-06-26T18:38:28.082Z] <<< [apiv2][status] GET https://api.github.com/user 200
[debug] [2023-06-26T18:38:28.082Z] <<< [apiv2][body] GET https://api.github.com/user {"login":"TommoBosha","id":116563699,"node_id":"U_kgDOBvKe8w","avatar_url":"https://avatars.githubusercontent.com/u/116563699?v=4","gravatar_id":"","url":"https://api.github.com/users/TommoBosha","html_url":"https://github.com/TommoBosha","followers_url":"https://api.github.com/users/TommoBosha/followers","following_url":"https://api.github.com/users/TommoBosha/following{/other_user}","gists_url":"https://api.github.com/users/TommoBosha/gists{/gist_id}","starred_url":"https://api.github.com/users/TommoBosha/starred{/owner}{/repo}","subscriptions_url":"https://api.github.com/users/TommoBosha/subscriptions","organizations_url":"https://api.github.com/users/TommoBosha/orgs","repos_url":"https://api.github.com/users/TommoBosha/repos","events_url":"https://api.github.com/users/TommoBosha/events{/privacy}","received_events_url":"https://api.github.com/users/TommoBosha/received_events","type":"User","site_admin":false,"name":null,"company":null,"blog":"","location":null,"email":null,"hireable":null,"bio":null,"twitter_username":null,"public_repos":38,"public_gists":0,"followers":1,"following":0,"created_at":"2022-10-24T11:50:41Z","updated_at":"2023-02-04T15:56:19Z","private_gists":0,"total_private_repos":0,"owned_private_repos":0,"disk_usage":59235,"collaborators":0,"two_factor_authentication":false,"plan":{"name":"free","space":976562499,"collaborators":0,"private_repos":10000}}
[info] 
[info] +  Success! Logged into GitHub as TommoBosha 
[info] 
